<?xml version="1.0" encoding="UTF-8"?>
<!-- Generated by org.testng.reporters.JUnitReportReporter -->
<testsuite skipped="0" hostname="DESKTOP-1C6302R" name="com.CRM.testcases.LoginTest" tests="3" failures="0" timestamp="26 Jan 2019 16:11:30 GMT" time="47.594" errors="0">
  <testcase name="CRMlogoTest" time="12.101" classname="com.CRM.testcases.LoginTest"/>
  <testcase name="CRMlogin" time="23.804" classname="com.CRM.testcases.LoginTest"/>
  <testcase name="pagetitleTest" time="11.689" classname="com.CRM.testcases.LoginTest"/>
</testsuite> <!-- com.CRM.testcases.LoginTest -->
