<?xml version="1.0" encoding="UTF-8"?>
<!-- Generated by org.testng.reporters.JUnitReportReporter -->
<testsuite skipped="0" hostname="IBM492-PC0CPGDA" name="com.CRM.testcases.HomePageTest" tests="3" failures="0" timestamp="20 Jan 2019 11:31:43 GMT" time="77.387" errors="0">
  <testcase name="clickonContactlinkTest" time="26.067" classname="com.CRM.testcases.HomePageTest"/>
  <testcase name="verifyUsernamelabelTest" time="25.979" classname="com.CRM.testcases.HomePageTest"/>
  <testcase name="verifyHomePagetitleTest" time="25.341" classname="com.CRM.testcases.HomePageTest"/>
</testsuite> <!-- com.CRM.testcases.HomePageTest -->
