<?xml version="1.0" encoding="UTF-8"?>
<!-- Generated by org.testng.reporters.JUnitReportReporter -->
<testsuite skipped="0" hostname="DESKTOP-1C6302R" name="com.CRM.testcases.HomePageTest" tests="3" failures="0" timestamp="26 Jan 2019 19:28:37 GMT" time="124.832" errors="0">
  <testcase name="verifyHomePagetitleTest" time="41.621" classname="com.CRM.testcases.HomePageTest"/>
  <testcase name="verifyUsernamelabelTest" time="40.770" classname="com.CRM.testcases.HomePageTest"/>
  <testcase name="clickonContactlinkTest" time="42.441" classname="com.CRM.testcases.HomePageTest"/>
</testsuite> <!-- com.CRM.testcases.HomePageTest -->
