<?xml version="1.0" encoding="UTF-8"?>
<!-- Generated by org.testng.reporters.JUnitReportReporter -->
<testsuite skipped="0" hostname="DESKTOP-1C6302R" name="com.CRM.testcases.ContactPageTest" tests="3" failures="0" timestamp="26 Jan 2019 19:28:37 GMT" time="111.437" errors="0">
  <testcase name="selectcontactTest" time="31.979" classname="com.CRM.testcases.ContactPageTest"/>
  <testcase name="verifyContactspagelabelTest" time="45.820" classname="com.CRM.testcases.ContactPageTest"/>
  <testcase name="selectmultiplecontactsTest" time="33.638" classname="com.CRM.testcases.ContactPageTest"/>
</testsuite> <!-- com.CRM.testcases.ContactPageTest -->
