<?xml version="1.0" encoding="UTF-8"?>
<!-- Generated by org.testng.reporters.JUnitReportReporter -->
<testsuite skipped="0" hostname="DESKTOP-1C6302R" name="com.CRM.testcases.LoginTest" tests="3" failures="0" timestamp="26 Jan 2019 19:28:37 GMT" time="95.761" errors="0">
  <testcase name="CRMlogoTest" time="25.361" classname="com.CRM.testcases.LoginTest"/>
  <testcase name="pagetitleTest" time="25.865" classname="com.CRM.testcases.LoginTest"/>
  <testcase name="CRMlogin" time="44.535" classname="com.CRM.testcases.LoginTest"/>
</testsuite> <!-- com.CRM.testcases.LoginTest -->
